<?xml version="1.0" encoding="UTF-8"?>
<!-- Generated by org.testng.reporters.JUnitXMLReporter -->
<testsuite ignored="0" hostname="SruthiKallem" failures="0" tests="3" name="Default test" time="5.422" errors="0" timestamp="2025-06-17T12:30:07 IST">
  <testcase classname="com.dreamportal.tests.DreamsDiaryPageTest" name="verifyAllDreamTypesValid" time="0.345"/>
  <testcase classname="com.dreamportal.tests.DreamsDiaryPageTest" name="verifyAllRowsHaveData" time="0.621"/>
  <testcase classname="com.dreamportal.tests.DreamsDiaryPageTest" name="verifyDreamEntriesCount" time="0.037"/>
</testsuite> <!-- Default test -->
