<?xml version="1.0" encoding="UTF-8"?>
<testng-results ignored="0" total="3" passed="3" failed="0" skipped="0">
  <reporter-output>
  </reporter-output>
  <suite started-at="2025-06-17T12:30:02 IST" name="Default suite" finished-at="2025-06-17T12:30:07 IST" duration-ms="5422">
    <groups>
    </groups>
    <test started-at="2025-06-17T12:30:02 IST" name="Default test" finished-at="2025-06-17T12:30:07 IST" duration-ms="5422">
      <class name="com.dreamportal.tests.DreamsDiaryPageTest">
        <test-method is-config="true" signature="setUp()[pri:0, instance:com.dreamportal.tests.DreamsDiaryPageTest@4a883b15]" started-at="2025-06-17T12:30:02 IST" name="setUp" finished-at="2025-06-17T12:30:03 IST" duration-ms="1587" status="PASS">
          <reporter-output>
          </reporter-output>
        </test-method> <!-- setUp -->
        <test-method signature="verifyAllDreamTypesValid()[pri:0, instance:com.dreamportal.tests.DreamsDiaryPageTest@4a883b15]" started-at="2025-06-17T12:30:03 IST" name="verifyAllDreamTypesValid" finished-at="2025-06-17T12:30:04 IST" duration-ms="345" status="PASS">
          <reporter-output>
          </reporter-output>
        </test-method> <!-- verifyAllDreamTypesValid -->
        <test-method is-config="true" signature="tearDown()[pri:0, instance:com.dreamportal.tests.DreamsDiaryPageTest@4a883b15]" started-at="2025-06-17T12:30:04 IST" name="tearDown" finished-at="2025-06-17T12:30:04 IST" duration-ms="340" status="PASS">
          <reporter-output>
          </reporter-output>
        </test-method> <!-- tearDown -->
        <test-method is-config="true" signature="setUp()[pri:0, instance:com.dreamportal.tests.DreamsDiaryPageTest@4a883b15]" started-at="2025-06-17T12:30:04 IST" name="setUp" finished-at="2025-06-17T12:30:05 IST" duration-ms="1009" status="PASS">
          <reporter-output>
          </reporter-output>
        </test-method> <!-- setUp -->
        <test-method signature="verifyAllRowsHaveData()[pri:0, instance:com.dreamportal.tests.DreamsDiaryPageTest@4a883b15]" started-at="2025-06-17T12:30:05 IST" name="verifyAllRowsHaveData" finished-at="2025-06-17T12:30:06 IST" duration-ms="621" status="PASS">
          <reporter-output>
          </reporter-output>
        </test-method> <!-- verifyAllRowsHaveData -->
        <test-method is-config="true" signature="tearDown()[pri:0, instance:com.dreamportal.tests.DreamsDiaryPageTest@4a883b15]" started-at="2025-06-17T12:30:06 IST" name="tearDown" finished-at="2025-06-17T12:30:06 IST" duration-ms="197" status="PASS">
          <reporter-output>
          </reporter-output>
        </test-method> <!-- tearDown -->
        <test-method is-config="true" signature="setUp()[pri:0, instance:com.dreamportal.tests.DreamsDiaryPageTest@4a883b15]" started-at="2025-06-17T12:30:06 IST" name="setUp" finished-at="2025-06-17T12:30:07 IST" duration-ms="1002" status="PASS">
          <reporter-output>
          </reporter-output>
        </test-method> <!-- setUp -->
        <test-method signature="verifyDreamEntriesCount()[pri:0, instance:com.dreamportal.tests.DreamsDiaryPageTest@4a883b15]" started-at="2025-06-17T12:30:07 IST" name="verifyDreamEntriesCount" finished-at="2025-06-17T12:30:07 IST" duration-ms="37" status="PASS">
          <reporter-output>
          </reporter-output>
        </test-method> <!-- verifyDreamEntriesCount -->
        <test-method is-config="true" signature="tearDown()[pri:0, instance:com.dreamportal.tests.DreamsDiaryPageTest@4a883b15]" started-at="2025-06-17T12:30:07 IST" name="tearDown" finished-at="2025-06-17T12:30:07 IST" duration-ms="235" status="PASS">
          <reporter-output>
          </reporter-output>
        </test-method> <!-- tearDown -->
      </class> <!-- com.dreamportal.tests.DreamsDiaryPageTest -->
    </test> <!-- Default test -->
  </suite> <!-- Default suite -->
</testng-results>
